2025-08-19 00:47:30 [main] INFO  c.J.Bank.BankApplicationTests - Starting BankApplicationTests using Java 21.0.6 with PID 23680 (started by user in C:\Maybank Assessment\Bank)
2025-08-19 00:47:30 [main] DEBUG c.J.Bank.BankApplicationTests - Running with Spring Boot v3.5.4, Spring v6.2.9
2025-08-19 00:47:30 [main] INFO  c.J.Bank.BankApplicationTests - The following 1 profile is active: "dev"
2025-08-19 00:47:30 [main] DEBUG o.s.w.c.s.GenericWebApplicationContext - Refreshing org.springframework.web.context.support.GenericWebApplicationContext@6fca2a8f
2025-08-19 00:47:33 [main] INFO  o.s.d.r.c.RepositoryConfigurationDelegate - Bootstrapping Spring Data JPA repositories in DEFAULT mode.
2025-08-19 00:47:33 [main] INFO  o.s.d.r.c.RepositoryConfigurationDelegate - Finished Spring Data repository scanning in 475 ms. Found 1 JPA repository interface.
2025-08-19 00:47:34 [main] INFO  o.h.jpa.internal.util.LogHelper - HHH000204: Processing PersistenceUnitInfo [name: default]
2025-08-19 00:47:35 [main] INFO  org.hibernate.Version - HHH000412: Hibernate ORM core version 6.6.22.Final
2025-08-19 00:47:35 [main] INFO  o.h.c.i.RegionFactoryInitiator - HHH000026: Second-level cache disabled
2025-08-19 00:47:35 [main] INFO  o.s.o.j.p.SpringPersistenceUnitInfo - No LoadTimeWeaver setup: ignoring JPA class transformer
2025-08-19 00:47:35 [main] INFO  com.zaxxer.hikari.HikariDataSource - HikariPool-1 - Starting...
2025-08-19 00:47:36 [main] INFO  com.zaxxer.hikari.pool.HikariPool - HikariPool-1 - Added connection conn0: url=jdbc:h2:mem:1044fcb2-c051-439a-a83f-31eeb2477548 user=SA
2025-08-19 00:47:36 [main] INFO  com.zaxxer.hikari.HikariDataSource - HikariPool-1 - Start completed.
2025-08-19 00:47:36 [main] WARN  org.hibernate.orm.deprecation - HHH90000025: H2Dialect does not need to be specified explicitly using 'hibernate.dialect' (remove the property setting and it will be selected by default)
2025-08-19 00:47:36 [main] INFO  o.hibernate.orm.connections.pooling - HHH10001005: Database info:
	Database JDBC URL [Connecting through datasource 'HikariDataSource (HikariPool-1)']
	Database driver: undefined/unknown
	Database version: 2.3.232
	Autocommit mode: undefined/unknown
	Isolation level: undefined/unknown
	Minimum pool size: undefined/unknown
	Maximum pool size: undefined/unknown
2025-08-19 00:47:38 [main] INFO  o.h.e.t.j.p.i.JtaPlatformInitiator - HHH000489: No JTA platform available (set 'hibernate.transaction.jta.platform' to enable JTA platform integration)
2025-08-19 00:47:38 [main] INFO  o.s.o.j.LocalContainerEntityManagerFactoryBean - Initialized JPA EntityManagerFactory for persistence unit 'default'
2025-08-19 00:47:39 [main] INFO  o.s.d.j.r.query.QueryEnhancerFactory - Hibernate is in classpath; If applicable, HQL parser will be used.
2025-08-19 00:47:42 [main] WARN  o.s.b.a.o.j.JpaBaseConfiguration$JpaWebConfiguration - spring.jpa.open-in-view is enabled by default. Therefore, database queries may be performed during view rendering. Explicitly configure spring.jpa.open-in-view to disable this warning
2025-08-19 00:47:42 [main] DEBUG o.s.w.s.m.m.a.RequestMappingHandlerMapping - 18 mappings in 'requestMappingHandlerMapping'
2025-08-19 00:47:42 [main] DEBUG o.s.w.s.h.SimpleUrlHandlerMapping - Patterns [/webjars/**, /**] in 'resourceHandlerMapping'
2025-08-19 00:47:43 [main] DEBUG o.s.w.s.m.m.a.RequestMappingHandlerAdapter - ControllerAdvice beans: 0 @ModelAttribute, 0 @InitBinder, 1 RequestBodyAdvice, 1 ResponseBodyAdvice
2025-08-19 00:47:43 [main] DEBUG o.s.w.s.m.m.a.ExceptionHandlerExceptionResolver - ControllerAdvice beans: 1 @ExceptionHandler, 1 ResponseBodyAdvice
2025-08-19 00:47:43 [main] INFO  o.s.b.a.h.H2ConsoleAutoConfiguration - H2 console available at '/h2-console'. Database available at 'jdbc:h2:mem:1044fcb2-c051-439a-a83f-31eeb2477548'
2025-08-19 00:47:44 [main] INFO  o.s.b.a.e.web.EndpointLinksResolver - Exposing 3 endpoints beneath base path '/actuator'
2025-08-19 00:47:44 [main] INFO  c.J.Bank.BankApplicationTests - Started BankApplicationTests in 14.637 seconds (process running for 16.776)
2025-08-19 00:47:45 [main] INFO  o.s.t.c.s.AnnotationConfigContextLoaderUtils - Could not detect default configuration classes for test class [com.JavaSpring.Bank.controller.UserControllerTest]: UserControllerTest does not declare any static, non-private, non-final, nested classes annotated with @Configuration.
2025-08-19 00:47:45 [main] INFO  o.s.b.t.c.SpringBootTestContextBootstrapper - Found @SpringBootConfiguration com.JavaSpring.Bank.BankApplication for test class com.JavaSpring.Bank.controller.UserControllerTest
2025-08-19 00:47:45 [main] INFO  o.s.b.d.r.RestartApplicationListener - Restart disabled due to context in which it is running
2025-08-19 00:47:45 [main] INFO  c.J.B.controller.UserControllerTest - Starting UserControllerTest using Java 21.0.6 with PID 23680 (started by user in C:\Maybank Assessment\Bank)
2025-08-19 00:47:45 [main] DEBUG c.J.B.controller.UserControllerTest - Running with Spring Boot v3.5.4, Spring v6.2.9
2025-08-19 00:47:45 [main] INFO  c.J.B.controller.UserControllerTest - The following 1 profile is active: "test"
2025-08-19 00:47:45 [main] DEBUG o.s.w.c.s.GenericWebApplicationContext - Refreshing org.springframework.web.context.support.GenericWebApplicationContext@10b5f853
2025-08-19 00:47:46 [main] INFO  o.s.d.r.c.RepositoryConfigurationDelegate - Bootstrapping Spring Data JPA repositories in DEFAULT mode.
2025-08-19 00:47:46 [main] INFO  o.s.d.r.c.RepositoryConfigurationDelegate - Finished Spring Data repository scanning in 47 ms. Found 1 JPA repository interface.
2025-08-19 00:47:46 [main] INFO  o.h.jpa.internal.util.LogHelper - HHH000204: Processing PersistenceUnitInfo [name: default]
2025-08-19 00:47:46 [main] INFO  o.h.c.i.RegionFactoryInitiator - HHH000026: Second-level cache disabled
2025-08-19 00:47:46 [main] INFO  o.s.o.j.p.SpringPersistenceUnitInfo - No LoadTimeWeaver setup: ignoring JPA class transformer
2025-08-19 00:47:46 [main] INFO  com.zaxxer.hikari.HikariDataSource - HikariPool-2 - Starting...
2025-08-19 00:47:46 [main] INFO  com.zaxxer.hikari.pool.HikariPool - HikariPool-2 - Added connection conn10: url=jdbc:h2:mem:3e89a9a9-8a00-40f2-9425-01e81dcb5536 user=SA
2025-08-19 00:47:46 [main] INFO  com.zaxxer.hikari.HikariDataSource - HikariPool-2 - Start completed.
2025-08-19 00:47:46 [main] WARN  org.hibernate.orm.deprecation - HHH90000025: H2Dialect does not need to be specified explicitly using 'hibernate.dialect' (remove the property setting and it will be selected by default)
2025-08-19 00:47:46 [main] INFO  o.hibernate.orm.connections.pooling - HHH10001005: Database info:
	Database JDBC URL [Connecting through datasource 'HikariDataSource (HikariPool-2)']
	Database driver: undefined/unknown
	Database version: 2.3.232
	Autocommit mode: undefined/unknown
	Isolation level: undefined/unknown
	Minimum pool size: undefined/unknown
	Maximum pool size: undefined/unknown
2025-08-19 00:47:46 [main] INFO  o.h.e.t.j.p.i.JtaPlatformInitiator - HHH000489: No JTA platform available (set 'hibernate.transaction.jta.platform' to enable JTA platform integration)
2025-08-19 00:47:46 [main] INFO  o.s.o.j.LocalContainerEntityManagerFactoryBean - Initialized JPA EntityManagerFactory for persistence unit 'default'
2025-08-19 00:47:46 [main] WARN  o.s.b.a.o.j.JpaBaseConfiguration$JpaWebConfiguration - spring.jpa.open-in-view is enabled by default. Therefore, database queries may be performed during view rendering. Explicitly configure spring.jpa.open-in-view to disable this warning
2025-08-19 00:47:46 [main] DEBUG o.s.w.s.m.m.a.RequestMappingHandlerMapping - 18 mappings in 'requestMappingHandlerMapping'
2025-08-19 00:47:47 [main] DEBUG o.s.w.s.h.SimpleUrlHandlerMapping - Patterns [/webjars/**, /**] in 'resourceHandlerMapping'
2025-08-19 00:47:47 [main] DEBUG o.s.w.s.m.m.a.RequestMappingHandlerAdapter - ControllerAdvice beans: 0 @ModelAttribute, 0 @InitBinder, 1 RequestBodyAdvice, 1 ResponseBodyAdvice
2025-08-19 00:47:47 [main] DEBUG o.s.w.s.m.m.a.ExceptionHandlerExceptionResolver - ControllerAdvice beans: 1 @ExceptionHandler, 1 ResponseBodyAdvice
2025-08-19 00:47:47 [main] INFO  o.s.b.a.h.H2ConsoleAutoConfiguration - H2 console available at '/h2-console'. Database available at 'jdbc:h2:mem:3e89a9a9-8a00-40f2-9425-01e81dcb5536'
2025-08-19 00:47:47 [main] DEBUG o.s.w.f.ServerHttpObservationFilter - Filter 'webMvcObservationFilter' configured for use
2025-08-19 00:47:47 [main] INFO  o.s.b.t.m.w.SpringBootMockServletContext - Initializing Spring TestDispatcherServlet ''
2025-08-19 00:47:47 [main] INFO  o.s.t.w.s.TestDispatcherServlet - Initializing Servlet ''
2025-08-19 00:47:47 [main] INFO  o.s.b.a.e.web.EndpointLinksResolver - Exposing 3 endpoints beneath base path '/actuator'
2025-08-19 00:47:47 [main] INFO  o.s.t.w.s.TestDispatcherServlet - Completed initialization in 42 ms
2025-08-19 00:47:47 [main] INFO  c.J.B.controller.UserControllerTest - Started UserControllerTest in 2.545 seconds (process running for 20.392)
2025-08-19 00:47:47 [main] DEBUG o.s.w.s.m.m.a.RequestMappingHandlerMapping - Mapped to com.JavaSpring.Bank.controller.UserController#getAllUsers(int, int, String, String, String, String)
2025-08-19 00:47:48 [main] INFO  c.J.Bank.controller.UserController - REQUEST - GET /v1/users - Page: 0, Size: 10, SortBy: id, SortDir: asc, City: New York, Keyword: John
2025-08-19 00:47:48 [main] INFO  c.J.Bank.controller.UserController - RESPONSE - GET /v1/users - Status: 200, Total Elements: 1, Current Page: 0, Page Size: 1
2025-08-19 00:47:48 [main] DEBUG o.s.w.s.m.m.a.HttpEntityMethodProcessor - Using 'application/json', given [*/*] and supported [application/json, application/*+json]
2025-08-19 00:47:48 [main] DEBUG o.s.w.s.m.m.a.HttpEntityMethodProcessor - Writing [{totalItems=1, totalPages=1, pageSize=10, hasPrevious=false, hasNext=false, sortBy=id, currentPage=0 (truncated)...]
2025-08-19 00:47:48 [main] DEBUG o.s.w.s.m.m.a.RequestMappingHandlerMapping - Mapped to com.JavaSpring.Bank.controller.UserController#getAllUsers(int, int, String, String, String, String)
2025-08-19 00:47:48 [main] INFO  c.J.Bank.controller.UserController - REQUEST - GET /v1/users - Page: 0, Size: 10, SortBy: id, SortDir: asc, City: null, Keyword: null
2025-08-19 00:47:48 [main] INFO  c.J.Bank.controller.UserController - RESPONSE - GET /v1/users - Status: 200, Total Elements: 30, Current Page: 0, Page Size: 10
2025-08-19 00:47:48 [main] DEBUG o.s.w.s.m.m.a.HttpEntityMethodProcessor - Using 'application/json', given [*/*] and supported [application/json, application/*+json]
2025-08-19 00:47:48 [main] DEBUG o.s.w.s.m.m.a.HttpEntityMethodProcessor - Writing [{totalItems=30, totalPages=3, pageSize=10, hasPrevious=false, hasNext=true, sortBy=id, currentPage=0 (truncated)...]
2025-08-19 00:47:48 [main] DEBUG o.s.w.s.m.m.a.RequestMappingHandlerMapping - Mapped to com.JavaSpring.Bank.controller.UserController#updateUser(Long, Map)
2025-08-19 00:47:48 [main] DEBUG o.s.w.s.m.m.a.RequestResponseBodyMethodProcessor - Read "application/json;charset=UTF-8" to [{firstName=Updated, lastName=User, email=updated@example.com, phone=+1-555-UPDT, city=Updated City}]
2025-08-19 00:47:48 [main] INFO  c.J.Bank.controller.UserController - REQUEST - PUT /v1/users/1 - Updating user with email: updated@example.com
2025-08-19 00:47:48 [main] INFO  c.J.Bank.controller.UserController - RESPONSE - PUT /v1/users/1 - Status: 200, User updated
2025-08-19 00:47:48 [main] DEBUG o.s.w.s.m.m.a.HttpEntityMethodProcessor - Using 'application/json', given [*/*] and supported [application/json, application/*+json]
2025-08-19 00:47:48 [main] DEBUG o.s.w.s.m.m.a.HttpEntityMethodProcessor - Writing [{firstName=Updated, lastName=User, createdAt=2025-08-18T00:47:48.406649200, phone=+1-555-UPDT, city= (truncated)...]
2025-08-19 00:47:48 [main] DEBUG o.s.w.s.m.m.a.RequestMappingHandlerMapping - Mapped to com.JavaSpring.Bank.controller.UserController#createUser(Map)
2025-08-19 00:47:48 [main] DEBUG o.s.w.s.m.m.a.RequestResponseBodyMethodProcessor - Read "application/json;charset=UTF-8" to [{firstName=Test, lastName=User, email=test@example.com, phone=+1-555-TEST, city=Test City}]
2025-08-19 00:47:48 [main] INFO  c.J.Bank.controller.UserController - REQUEST - POST /v1/users - Creating user with email: test@example.com
2025-08-19 00:47:48 [main] INFO  c.J.Bank.controller.UserController - RESPONSE - POST /v1/users - Status: 201, User created with ID: 68442
2025-08-19 00:47:48 [main] DEBUG o.s.w.s.m.m.a.HttpEntityMethodProcessor - Using 'application/json', given [*/*] and supported [application/json, application/*+json]
2025-08-19 00:47:48 [main] DEBUG o.s.w.s.m.m.a.HttpEntityMethodProcessor - Writing [{firstName=Test, lastName=User, createdAt=2025-08-19T00:47:48.442239300, phone=+1-555-TEST, city=Tes (truncated)...]
2025-08-19 00:47:48 [main] DEBUG o.s.w.s.m.m.a.RequestMappingHandlerMapping - Mapped to com.JavaSpring.Bank.controller.UserController#deleteUser(Long)
2025-08-19 00:47:48 [main] INFO  c.J.Bank.controller.UserController - REQUEST - DELETE /v1/users/1 - Deleting user
2025-08-19 00:47:48 [main] INFO  c.J.Bank.controller.UserController - RESPONSE - DELETE /v1/users/1 - Status: 200, User deleted
2025-08-19 00:47:48 [main] DEBUG o.s.w.s.m.m.a.HttpEntityMethodProcessor - Using 'application/json', given [*/*] and supported [application/json, application/*+json]
2025-08-19 00:47:48 [main] DEBUG o.s.w.s.m.m.a.HttpEntityMethodProcessor - Writing [{deletedId=1, message=User deleted successfully, status=success, timestamp=2025-08-19T00:47:48.47374 (truncated)...]
2025-08-19 00:47:48 [main] DEBUG o.s.w.s.m.m.a.RequestMappingHandlerMapping - Mapped to com.JavaSpring.Bank.controller.UserController#getUserById(Long)
2025-08-19 00:47:48 [main] INFO  c.J.Bank.controller.UserController - REQUEST - GET /v1/users/1 - User ID: 1
2025-08-19 00:47:48 [main] INFO  c.J.Bank.controller.UserController - RESPONSE - GET /v1/users/1 - Status: 200, User found: sample.user1@example.com
2025-08-19 00:47:48 [main] DEBUG o.s.w.s.m.m.a.HttpEntityMethodProcessor - Using 'application/json', given [*/*] and supported [application/json, application/*+json]
2025-08-19 00:47:48 [main] DEBUG o.s.w.s.m.m.a.HttpEntityMethodProcessor - Writing [{firstName=Sample, lastName=User 1, createdAt=2025-08-18T00:47:48.540472300, phone=+1-555-0001, city (truncated)...]
2025-08-19 00:47:48 [main] DEBUG o.s.w.s.m.m.a.RequestMappingHandlerMapping - Mapped to com.JavaSpring.Bank.controller.UserController#getUserById(Long)
2025-08-19 00:47:48 [main] INFO  c.J.Bank.controller.UserController - REQUEST - GET /v1/users/999 - User ID: 999
2025-08-19 00:47:48 [main] WARN  c.J.Bank.controller.UserController - RESPONSE - GET /v1/users/999 - Status: 404, User not found
2025-08-19 00:47:48 [main] DEBUG o.s.w.s.m.m.a.HttpEntityMethodProcessor - Using 'application/json', given [*/*] and supported [application/json, application/*+json]
2025-08-19 00:47:48 [main] DEBUG o.s.w.s.m.m.a.HttpEntityMethodProcessor - Writing [{error=User not found, message=User with ID 999 does not exist, status=404, timestamp=2025-08-19T00: (truncated)...]
2025-08-19 00:47:48 [main] DEBUG o.s.w.s.m.m.a.RequestMappingHandlerMapping - Mapped to com.JavaSpring.Bank.controller.UserController#healthCheck()
2025-08-19 00:47:48 [main] INFO  c.J.Bank.controller.UserController - REQUEST - GET /v1/users/health - Health check
2025-08-19 00:47:48 [main] INFO  c.J.Bank.controller.UserController - RESPONSE - GET /v1/users/health - Status: 200, Service healthy
2025-08-19 00:47:48 [main] DEBUG o.s.w.s.m.m.a.HttpEntityMethodProcessor - Using 'application/json', given [*/*] and supported [application/json, application/*+json]
2025-08-19 00:47:48 [main] DEBUG o.s.w.s.m.m.a.HttpEntityMethodProcessor - Writing [{features={pagination=10 records per page, transactional=@Transactional simulation, logging=Request/ (truncated)...]
2025-08-19 00:47:48 [main] DEBUG o.s.w.s.m.m.a.RequestMappingHandlerMapping - Mapped to com.JavaSpring.Bank.controller.UserController#createUser(Map)
2025-08-19 00:47:48 [main] DEBUG o.s.w.s.m.m.a.RequestResponseBodyMethodProcessor - Read "application/json;charset=UTF-8" to [{firstName=, email=invalid-email}]
2025-08-19 00:47:48 [main] INFO  c.J.Bank.controller.UserController - REQUEST - POST /v1/users - Creating user with email: invalid-email
2025-08-19 00:47:48 [main] WARN  c.J.Bank.controller.UserController - RESPONSE - POST /v1/users - Status: 400, Validation failed
2025-08-19 00:47:48 [main] DEBUG o.s.w.s.m.m.a.HttpEntityMethodProcessor - Using 'application/json', given [*/*] and supported [application/json, application/*+json]
2025-08-19 00:47:48 [main] DEBUG o.s.w.s.m.m.a.HttpEntityMethodProcessor - Writing [{error=Validation failed, message=firstName, lastName, and email are required, status=400, timestamp (truncated)...]
2025-08-19 00:47:48 [main] DEBUG o.s.w.s.m.m.a.RequestMappingHandlerMapping - Mapped to com.JavaSpring.Bank.controller.UserController#importUserFromExternalApi(Long)
2025-08-19 00:47:48 [main] INFO  c.J.Bank.controller.UserController - REQUEST - POST /v1/users/import/1 - Importing user from external API
2025-08-19 00:47:48 [main] INFO  c.J.Bank.controller.UserController - RESPONSE - POST /v1/users/import/1 - Status: 201, User imported with local ID: 68788
2025-08-19 00:47:48 [main] DEBUG o.s.w.s.m.m.a.HttpEntityMethodProcessor - Using 'application/json', given [*/*] and supported [application/json, application/*+json]
2025-08-19 00:47:48 [main] DEBUG o.s.w.s.m.m.a.HttpEntityMethodProcessor - Writing [{firstName=Imported, lastName=User 1, createdAt=2025-08-19T00:47:48.789526500, importedAt=2025-08-19 (truncated)...]
2025-08-19 00:47:48 [main] DEBUG o.s.w.s.m.m.a.RequestMappingHandlerMapping - Mapped to com.JavaSpring.Bank.controller.UserController#getExternalUsers()
2025-08-19 00:47:48 [main] INFO  c.J.Bank.controller.UserController - REQUEST - GET /v1/users/external - Fetching users from external API
2025-08-19 00:47:48 [main] INFO  c.J.Bank.controller.UserController - RESPONSE - GET /v1/users/external - Status: 200, Fetched 5 users from external API
2025-08-19 00:47:48 [main] DEBUG o.s.w.s.m.m.a.HttpEntityMethodProcessor - Using 'application/json', given [*/*] and supported [application/json, application/*+json]
2025-08-19 00:47:48 [main] DEBUG o.s.w.s.m.m.a.HttpEntityMethodProcessor - Writing [[{website=hildegard.org, address={zipcode=92821-3874, suite=Apt. 901, city=Gwenborough, street=Kulas (truncated)...]
2025-08-19 00:47:49 [SpringApplicationShutdownHook] DEBUG o.s.w.c.s.GenericWebApplicationContext - Closing org.springframework.web.context.support.GenericWebApplicationContext@6fca2a8f, started on Tue Aug 19 00:47:30 MYT 2025
2025-08-19 00:47:49 [SpringApplicationShutdownHook] INFO  o.s.o.j.LocalContainerEntityManagerFactoryBean - Closing JPA EntityManagerFactory for persistence unit 'default'
2025-08-19 00:47:49 [SpringApplicationShutdownHook] INFO  com.zaxxer.hikari.HikariDataSource - HikariPool-1 - Shutdown initiated...
2025-08-19 00:47:49 [SpringApplicationShutdownHook] INFO  com.zaxxer.hikari.HikariDataSource - HikariPool-1 - Shutdown completed.
2025-08-19 00:47:49 [SpringApplicationShutdownHook] DEBUG o.s.w.c.s.GenericWebApplicationContext - Closing org.springframework.web.context.support.GenericWebApplicationContext@10b5f853, started on Tue Aug 19 00:47:45 MYT 2025
2025-08-19 00:47:49 [SpringApplicationShutdownHook] INFO  o.s.o.j.LocalContainerEntityManagerFactoryBean - Closing JPA EntityManagerFactory for persistence unit 'default'
2025-08-19 00:47:49 [SpringApplicationShutdownHook] INFO  com.zaxxer.hikari.HikariDataSource - HikariPool-2 - Shutdown initiated...
2025-08-19 00:47:49 [SpringApplicationShutdownHook] INFO  com.zaxxer.hikari.HikariDataSource - HikariPool-2 - Shutdown completed.
2025-08-19 00:48:12 [restartedMain] INFO  com.JavaSpring.Bank.BankApplication - Starting BankApplication using Java 21.0.6 with PID 20352 (C:\Maybank Assessment\Bank\target\classes started by user in C:\Maybank Assessment\Bank)
2025-08-19 00:48:12 [restartedMain] DEBUG com.JavaSpring.Bank.BankApplication - Running with Spring Boot v3.5.4, Spring v6.2.9
2025-08-19 00:48:12 [restartedMain] INFO  com.JavaSpring.Bank.BankApplication - The following 1 profile is active: "dev"
2025-08-19 00:48:12 [restartedMain] INFO  o.s.b.d.e.DevToolsPropertyDefaultsPostProcessor - Devtools property defaults active! Set 'spring.devtools.add-properties' to 'false' to disable
2025-08-19 00:48:12 [restartedMain] INFO  o.s.b.d.e.DevToolsPropertyDefaultsPostProcessor - For additional web related logging consider setting the 'logging.level.web' property to 'DEBUG'
2025-08-19 00:48:14 [restartedMain] INFO  o.s.d.r.c.RepositoryConfigurationDelegate - Bootstrapping Spring Data JPA repositories in DEFAULT mode.
2025-08-19 00:48:14 [restartedMain] INFO  o.s.d.r.c.RepositoryConfigurationDelegate - Finished Spring Data repository scanning in 232 ms. Found 1 JPA repository interface.
2025-08-19 00:48:15 [restartedMain] INFO  o.s.b.w.e.tomcat.TomcatWebServer - Tomcat initialized with port 8080 (http)
2025-08-19 00:48:15 [restartedMain] INFO  o.a.catalina.core.StandardService - Starting service [Tomcat]
2025-08-19 00:48:15 [restartedMain] INFO  o.a.catalina.core.StandardEngine - Starting Servlet engine: [Apache Tomcat/10.1.43]
2025-08-19 00:48:15 [restartedMain] INFO  o.a.c.c.C.[Tomcat].[localhost].[/] - Initializing Spring embedded WebApplicationContext
2025-08-19 00:48:15 [restartedMain] INFO  o.s.b.w.s.c.ServletWebServerApplicationContext - Root WebApplicationContext: initialization completed in 3054 ms
2025-08-19 00:48:15 [restartedMain] DEBUG o.s.w.f.ServerHttpObservationFilter - Filter 'webMvcObservationFilter' configured for use
2025-08-19 00:48:16 [restartedMain] INFO  o.h.jpa.internal.util.LogHelper - HHH000204: Processing PersistenceUnitInfo [name: default]
2025-08-19 00:48:16 [restartedMain] INFO  org.hibernate.Version - HHH000412: Hibernate ORM core version 6.6.22.Final
2025-08-19 00:48:16 [restartedMain] INFO  o.h.c.i.RegionFactoryInitiator - HHH000026: Second-level cache disabled
2025-08-19 00:48:16 [restartedMain] INFO  o.s.o.j.p.SpringPersistenceUnitInfo - No LoadTimeWeaver setup: ignoring JPA class transformer
2025-08-19 00:48:16 [restartedMain] INFO  com.zaxxer.hikari.HikariDataSource - HikariPool-1 - Starting...
2025-08-19 00:48:17 [restartedMain] INFO  com.zaxxer.hikari.pool.HikariPool - HikariPool-1 - Added connection conn0: url=jdbc:h2:mem:67d4a2fe-55a8-44d8-a9e0-86061239fcc7 user=SA
2025-08-19 00:48:17 [restartedMain] INFO  com.zaxxer.hikari.HikariDataSource - HikariPool-1 - Start completed.
2025-08-19 00:48:17 [restartedMain] WARN  org.hibernate.orm.deprecation - HHH90000025: H2Dialect does not need to be specified explicitly using 'hibernate.dialect' (remove the property setting and it will be selected by default)
2025-08-19 00:48:17 [restartedMain] INFO  o.hibernate.orm.connections.pooling - HHH10001005: Database info:
	Database JDBC URL [Connecting through datasource 'HikariDataSource (HikariPool-1)']
	Database driver: undefined/unknown
	Database version: 2.3.232
	Autocommit mode: undefined/unknown
	Isolation level: undefined/unknown
	Minimum pool size: undefined/unknown
	Maximum pool size: undefined/unknown
2025-08-19 00:48:18 [restartedMain] INFO  o.h.e.t.j.p.i.JtaPlatformInitiator - HHH000489: No JTA platform available (set 'hibernate.transaction.jta.platform' to enable JTA platform integration)
2025-08-19 00:48:18 [restartedMain] INFO  o.s.o.j.LocalContainerEntityManagerFactoryBean - Initialized JPA EntityManagerFactory for persistence unit 'default'
2025-08-19 00:48:19 [restartedMain] INFO  o.s.d.j.r.query.QueryEnhancerFactory - Hibernate is in classpath; If applicable, HQL parser will be used.
2025-08-19 00:48:21 [restartedMain] WARN  o.s.b.a.o.j.JpaBaseConfiguration$JpaWebConfiguration - spring.jpa.open-in-view is enabled by default. Therefore, database queries may be performed during view rendering. Explicitly configure spring.jpa.open-in-view to disable this warning
2025-08-19 00:48:22 [restartedMain] DEBUG o.s.w.s.m.m.a.RequestMappingHandlerMapping - 18 mappings in 'requestMappingHandlerMapping'
2025-08-19 00:48:22 [restartedMain] DEBUG o.s.w.s.h.SimpleUrlHandlerMapping - Patterns [/webjars/**, /**] in 'resourceHandlerMapping'
2025-08-19 00:48:22 [restartedMain] DEBUG o.s.w.s.m.m.a.RequestMappingHandlerAdapter - ControllerAdvice beans: 0 @ModelAttribute, 0 @InitBinder, 1 RequestBodyAdvice, 1 ResponseBodyAdvice
2025-08-19 00:48:22 [restartedMain] DEBUG o.s.w.s.m.m.a.ExceptionHandlerExceptionResolver - ControllerAdvice beans: 1 @ExceptionHandler, 1 ResponseBodyAdvice
2025-08-19 00:48:22 [restartedMain] INFO  o.s.b.a.h.H2ConsoleAutoConfiguration - H2 console available at '/h2-console'. Database available at 'jdbc:h2:mem:67d4a2fe-55a8-44d8-a9e0-86061239fcc7'
2025-08-19 00:48:22 [restartedMain] INFO  o.s.b.d.a.OptionalLiveReloadServer - LiveReload server is running on port 35729
2025-08-19 00:48:22 [restartedMain] INFO  o.s.b.a.e.web.EndpointLinksResolver - Exposing 3 endpoints beneath base path '/actuator'
2025-08-19 00:48:23 [restartedMain] INFO  o.s.b.w.e.tomcat.TomcatWebServer - Tomcat started on port 8080 (http) with context path '/'
2025-08-19 00:48:23 [restartedMain] INFO  com.JavaSpring.Bank.BankApplication - Started BankApplication in 11.576 seconds (process running for 12.336)
2025-08-19 00:56:38 [http-nio-8080-exec-1] INFO  o.a.c.c.C.[Tomcat].[localhost].[/] - Initializing Spring DispatcherServlet 'dispatcherServlet'
2025-08-19 00:56:38 [http-nio-8080-exec-1] INFO  o.s.web.servlet.DispatcherServlet - Initializing Servlet 'dispatcherServlet'
2025-08-19 00:56:38 [http-nio-8080-exec-1] DEBUG o.s.web.servlet.DispatcherServlet - Detected StandardServletMultipartResolver
2025-08-19 00:56:38 [http-nio-8080-exec-1] DEBUG o.s.web.servlet.DispatcherServlet - Detected AcceptHeaderLocaleResolver
2025-08-19 00:56:38 [http-nio-8080-exec-1] DEBUG o.s.web.servlet.DispatcherServlet - Detected FixedThemeResolver
2025-08-19 00:56:38 [http-nio-8080-exec-1] DEBUG o.s.web.servlet.DispatcherServlet - Detected org.springframework.web.servlet.view.DefaultRequestToViewNameTranslator@1e91bb51
2025-08-19 00:56:38 [http-nio-8080-exec-1] DEBUG o.s.web.servlet.DispatcherServlet - Detected org.springframework.web.servlet.support.SessionFlashMapManager@7e6acfb0
2025-08-19 00:56:38 [http-nio-8080-exec-1] DEBUG o.s.web.servlet.DispatcherServlet - enableLoggingRequestDetails='false': request parameters and headers will be masked to prevent unsafe logging of potentially sensitive data
2025-08-19 00:56:38 [http-nio-8080-exec-1] INFO  o.s.web.servlet.DispatcherServlet - Completed initialization in 183 ms
2025-08-19 00:56:39 [http-nio-8080-exec-1] DEBUG o.s.web.servlet.DispatcherServlet - GET "/", parameters={}
2025-08-19 00:56:39 [http-nio-8080-exec-1] DEBUG o.s.w.s.m.m.a.RequestMappingHandlerMapping - Mapped to com.JavaSpring.Bank.controller.WebController#dashboard(Model)
2025-08-19 00:56:39 [http-nio-8080-exec-1] INFO  c.J.Bank.controller.WebController - REQUEST - GET / - Loading dashboard
2025-08-19 00:56:39 [http-nio-8080-exec-1] INFO  c.J.Bank.controller.WebController - RESPONSE - GET / - Dashboard loaded successfully
2025-08-19 00:56:39 [http-nio-8080-exec-1] DEBUG o.s.w.s.v.ContentNegotiatingViewResolver - Selected 'text/html' given [text/html, application/xhtml+xml, image/avif, image/webp, image/apng, application/xml;q=0.9, */*;q=0.8, application/signed-exchange;v=b3;q=0.7]
2025-08-19 00:56:40 [http-nio-8080-exec-1] DEBUG o.s.web.servlet.DispatcherServlet - Completed 200 OK
2025-08-19 00:56:56 [http-nio-8080-exec-8] DEBUG o.s.web.servlet.DispatcherServlet - GET "/api-docs", parameters={}
2025-08-19 00:56:56 [http-nio-8080-exec-8] DEBUG o.s.w.s.m.m.a.RequestMappingHandlerMapping - Mapped to com.JavaSpring.Bank.controller.WebController#apiDocs(Model)
2025-08-19 00:56:56 [http-nio-8080-exec-8] INFO  c.J.Bank.controller.WebController - REQUEST - GET /api-docs - Loading API documentation
2025-08-19 00:56:56 [http-nio-8080-exec-8] INFO  c.J.Bank.controller.WebController - RESPONSE - GET /api-docs - API documentation loaded with 8 endpoints
2025-08-19 00:56:56 [http-nio-8080-exec-8] DEBUG o.s.w.s.v.ContentNegotiatingViewResolver - Selected 'text/html' given [text/html, application/xhtml+xml, image/avif, image/webp, image/apng, application/xml;q=0.9, */*;q=0.8, application/signed-exchange;v=b3;q=0.7]
2025-08-19 00:56:56 [http-nio-8080-exec-8] ERROR org.thymeleaf.TemplateEngine - [THYMELEAF][http-nio-8080-exec-8] Exception processing template "api-docs": Error resolving template [api-docs], template might not exist or might not be accessible by any of the configured Template Resolvers
org.thymeleaf.exceptions.TemplateInputException: Error resolving template [api-docs], template might not exist or might not be accessible by any of the configured Template Resolvers
	at org.thymeleaf.engine.TemplateManager.resolveTemplate(TemplateManager.java:869)
	at org.thymeleaf.engine.TemplateManager.parseAndProcess(TemplateManager.java:607)
	at org.thymeleaf.TemplateEngine.process(TemplateEngine.java:1103)
	at org.thymeleaf.TemplateEngine.process(TemplateEngine.java:1077)
	at org.thymeleaf.spring6.view.ThymeleafView.renderFragment(ThymeleafView.java:372)
	at org.thymeleaf.spring6.view.ThymeleafView.render(ThymeleafView.java:192)
	at org.springframework.web.servlet.DispatcherServlet.render(DispatcherServlet.java:1438)
	at org.springframework.web.servlet.DispatcherServlet.processDispatchResult(DispatcherServlet.java:1168)
	at org.springframework.web.servlet.DispatcherServlet.doDispatch(DispatcherServlet.java:1106)
	at org.springframework.web.servlet.DispatcherServlet.doService(DispatcherServlet.java:979)
	at org.springframework.web.servlet.FrameworkServlet.processRequest(FrameworkServlet.java:1014)
	at org.springframework.web.servlet.FrameworkServlet.doGet(FrameworkServlet.java:903)
	at jakarta.servlet.http.HttpServlet.service(HttpServlet.java:564)
	at org.springframework.web.servlet.FrameworkServlet.service(FrameworkServlet.java:885)
	at jakarta.servlet.http.HttpServlet.service(HttpServlet.java:658)
	at org.apache.catalina.core.ApplicationFilterChain.internalDoFilter(ApplicationFilterChain.java:195)
	at org.apache.catalina.core.ApplicationFilterChain.doFilter(ApplicationFilterChain.java:140)
	at org.apache.tomcat.websocket.server.WsFilter.doFilter(WsFilter.java:51)
	at org.apache.catalina.core.ApplicationFilterChain.internalDoFilter(ApplicationFilterChain.java:164)
	at org.apache.catalina.core.ApplicationFilterChain.doFilter(ApplicationFilterChain.java:140)
	at org.springframework.web.filter.RequestContextFilter.doFilterInternal(RequestContextFilter.java:100)
	at org.springframework.web.filter.OncePerRequestFilter.doFilter(OncePerRequestFilter.java:116)
	at org.apache.catalina.core.ApplicationFilterChain.internalDoFilter(ApplicationFilterChain.java:164)
	at org.apache.catalina.core.ApplicationFilterChain.doFilter(ApplicationFilterChain.java:140)
	at org.springframework.web.filter.FormContentFilter.doFilterInternal(FormContentFilter.java:93)
	at org.springframework.web.filter.OncePerRequestFilter.doFilter(OncePerRequestFilter.java:116)
	at org.apache.catalina.core.ApplicationFilterChain.internalDoFilter(ApplicationFilterChain.java:164)
	at org.apache.catalina.core.ApplicationFilterChain.doFilter(ApplicationFilterChain.java:140)
	at org.springframework.web.filter.ServerHttpObservationFilter.doFilterInternal(ServerHttpObservationFilter.java:110)
	at org.springframework.web.filter.OncePerRequestFilter.doFilter(OncePerRequestFilter.java:116)
	at org.apache.catalina.core.ApplicationFilterChain.internalDoFilter(ApplicationFilterChain.java:164)
	at org.apache.catalina.core.ApplicationFilterChain.doFilter(ApplicationFilterChain.java:140)
	at org.springframework.web.filter.CharacterEncodingFilter.doFilterInternal(CharacterEncodingFilter.java:201)
	at org.springframework.web.filter.OncePerRequestFilter.doFilter(OncePerRequestFilter.java:116)
	at org.apache.catalina.core.ApplicationFilterChain.internalDoFilter(ApplicationFilterChain.java:164)
	at org.apache.catalina.core.ApplicationFilterChain.doFilter(ApplicationFilterChain.java:140)
	at org.apache.catalina.core.StandardWrapperValve.invoke(StandardWrapperValve.java:167)
	at org.apache.catalina.core.StandardContextValve.invoke(StandardContextValve.java:90)
	at org.apache.catalina.authenticator.AuthenticatorBase.invoke(AuthenticatorBase.java:483)
	at org.apache.catalina.core.StandardHostValve.invoke(StandardHostValve.java:116)
	at org.apache.catalina.valves.ErrorReportValve.invoke(ErrorReportValve.java:93)
	at org.apache.catalina.core.StandardEngineValve.invoke(StandardEngineValve.java:74)
	at org.apache.catalina.connector.CoyoteAdapter.service(CoyoteAdapter.java:344)
	at org.apache.coyote.http11.Http11Processor.service(Http11Processor.java:398)
	at org.apache.coyote.AbstractProcessorLight.process(AbstractProcessorLight.java:63)
	at org.apache.coyote.AbstractProtocol$ConnectionHandler.process(AbstractProtocol.java:903)
	at org.apache.tomcat.util.net.NioEndpoint$SocketProcessor.doRun(NioEndpoint.java:1769)
	at org.apache.tomcat.util.net.SocketProcessorBase.run(SocketProcessorBase.java:52)
	at org.apache.tomcat.util.threads.ThreadPoolExecutor.runWorker(ThreadPoolExecutor.java:1189)
	at org.apache.tomcat.util.threads.ThreadPoolExecutor$Worker.run(ThreadPoolExecutor.java:658)
	at org.apache.tomcat.util.threads.TaskThread$WrappingRunnable.run(TaskThread.java:63)
	at java.base/java.lang.Thread.run(Thread.java:1583)
2025-08-19 00:56:57 [http-nio-8080-exec-8] DEBUG o.s.web.servlet.DispatcherServlet - Error rendering view [org.thymeleaf.spring6.view.ThymeleafView@7c2d00f3]
org.thymeleaf.exceptions.TemplateInputException: Error resolving template [api-docs], template might not exist or might not be accessible by any of the configured Template Resolvers
	at org.thymeleaf.engine.TemplateManager.resolveTemplate(TemplateManager.java:869)
	at org.thymeleaf.engine.TemplateManager.parseAndProcess(TemplateManager.java:607)
	at org.thymeleaf.TemplateEngine.process(TemplateEngine.java:1103)
	at org.thymeleaf.TemplateEngine.process(TemplateEngine.java:1077)
	at org.thymeleaf.spring6.view.ThymeleafView.renderFragment(ThymeleafView.java:372)
	at org.thymeleaf.spring6.view.ThymeleafView.render(ThymeleafView.java:192)
	at org.springframework.web.servlet.DispatcherServlet.render(DispatcherServlet.java:1438)
	at org.springframework.web.servlet.DispatcherServlet.processDispatchResult(DispatcherServlet.java:1168)
	at org.springframework.web.servlet.DispatcherServlet.doDispatch(DispatcherServlet.java:1106)
	at org.springframework.web.servlet.DispatcherServlet.doService(DispatcherServlet.java:979)
	at org.springframework.web.servlet.FrameworkServlet.processRequest(FrameworkServlet.java:1014)
	at org.springframework.web.servlet.FrameworkServlet.doGet(FrameworkServlet.java:903)
	at jakarta.servlet.http.HttpServlet.service(HttpServlet.java:564)
	at org.springframework.web.servlet.FrameworkServlet.service(FrameworkServlet.java:885)
	at jakarta.servlet.http.HttpServlet.service(HttpServlet.java:658)
	at org.apache.catalina.core.ApplicationFilterChain.internalDoFilter(ApplicationFilterChain.java:195)
	at org.apache.catalina.core.ApplicationFilterChain.doFilter(ApplicationFilterChain.java:140)
	at org.apache.tomcat.websocket.server.WsFilter.doFilter(WsFilter.java:51)
	at org.apache.catalina.core.ApplicationFilterChain.internalDoFilter(ApplicationFilterChain.java:164)
	at org.apache.catalina.core.ApplicationFilterChain.doFilter(ApplicationFilterChain.java:140)
	at org.springframework.web.filter.RequestContextFilter.doFilterInternal(RequestContextFilter.java:100)
	at org.springframework.web.filter.OncePerRequestFilter.doFilter(OncePerRequestFilter.java:116)
	at org.apache.catalina.core.ApplicationFilterChain.internalDoFilter(ApplicationFilterChain.java:164)
	at org.apache.catalina.core.ApplicationFilterChain.doFilter(ApplicationFilterChain.java:140)
	at org.springframework.web.filter.FormContentFilter.doFilterInternal(FormContentFilter.java:93)
	at org.springframework.web.filter.OncePerRequestFilter.doFilter(OncePerRequestFilter.java:116)
	at org.apache.catalina.core.ApplicationFilterChain.internalDoFilter(ApplicationFilterChain.java:164)
	at org.apache.catalina.core.ApplicationFilterChain.doFilter(ApplicationFilterChain.java:140)
	at org.springframework.web.filter.ServerHttpObservationFilter.doFilterInternal(ServerHttpObservationFilter.java:110)
	at org.springframework.web.filter.OncePerRequestFilter.doFilter(OncePerRequestFilter.java:116)
	at org.apache.catalina.core.ApplicationFilterChain.internalDoFilter(ApplicationFilterChain.java:164)
	at org.apache.catalina.core.ApplicationFilterChain.doFilter(ApplicationFilterChain.java:140)
	at org.springframework.web.filter.CharacterEncodingFilter.doFilterInternal(CharacterEncodingFilter.java:201)
	at org.springframework.web.filter.OncePerRequestFilter.doFilter(OncePerRequestFilter.java:116)
	at org.apache.catalina.core.ApplicationFilterChain.internalDoFilter(ApplicationFilterChain.java:164)
	at org.apache.catalina.core.ApplicationFilterChain.doFilter(ApplicationFilterChain.java:140)
	at org.apache.catalina.core.StandardWrapperValve.invoke(StandardWrapperValve.java:167)
	at org.apache.catalina.core.StandardContextValve.invoke(StandardContextValve.java:90)
	at org.apache.catalina.authenticator.AuthenticatorBase.invoke(AuthenticatorBase.java:483)
	at org.apache.catalina.core.StandardHostValve.invoke(StandardHostValve.java:116)
	at org.apache.catalina.valves.ErrorReportValve.invoke(ErrorReportValve.java:93)
	at org.apache.catalina.core.StandardEngineValve.invoke(StandardEngineValve.java:74)
	at org.apache.catalina.connector.CoyoteAdapter.service(CoyoteAdapter.java:344)
	at org.apache.coyote.http11.Http11Processor.service(Http11Processor.java:398)
	at org.apache.coyote.AbstractProcessorLight.process(AbstractProcessorLight.java:63)
	at org.apache.coyote.AbstractProtocol$ConnectionHandler.process(AbstractProtocol.java:903)
	at org.apache.tomcat.util.net.NioEndpoint$SocketProcessor.doRun(NioEndpoint.java:1769)
	at org.apache.tomcat.util.net.SocketProcessorBase.run(SocketProcessorBase.java:52)
	at org.apache.tomcat.util.threads.ThreadPoolExecutor.runWorker(ThreadPoolExecutor.java:1189)
	at org.apache.tomcat.util.threads.ThreadPoolExecutor$Worker.run(ThreadPoolExecutor.java:658)
	at org.apache.tomcat.util.threads.TaskThread$WrappingRunnable.run(TaskThread.java:63)
	at java.base/java.lang.Thread.run(Thread.java:1583)
2025-08-19 00:56:57 [http-nio-8080-exec-8] DEBUG o.s.web.servlet.DispatcherServlet - Failed to complete request: org.thymeleaf.exceptions.TemplateInputException: Error resolving template [api-docs], template might not exist or might not be accessible by any of the configured Template Resolvers
2025-08-19 00:56:57 [http-nio-8080-exec-8] ERROR o.a.c.c.C.[.[.[.[dispatcherServlet] - Servlet.service() for servlet [dispatcherServlet] in context with path [] threw exception [Request processing failed: org.thymeleaf.exceptions.TemplateInputException: Error resolving template [api-docs], template might not exist or might not be accessible by any of the configured Template Resolvers] with root cause
org.thymeleaf.exceptions.TemplateInputException: Error resolving template [api-docs], template might not exist or might not be accessible by any of the configured Template Resolvers
	at org.thymeleaf.engine.TemplateManager.resolveTemplate(TemplateManager.java:869)
	at org.thymeleaf.engine.TemplateManager.parseAndProcess(TemplateManager.java:607)
	at org.thymeleaf.TemplateEngine.process(TemplateEngine.java:1103)
	at org.thymeleaf.TemplateEngine.process(TemplateEngine.java:1077)
	at org.thymeleaf.spring6.view.ThymeleafView.renderFragment(ThymeleafView.java:372)
	at org.thymeleaf.spring6.view.ThymeleafView.render(ThymeleafView.java:192)
	at org.springframework.web.servlet.DispatcherServlet.render(DispatcherServlet.java:1438)
	at org.springframework.web.servlet.DispatcherServlet.processDispatchResult(DispatcherServlet.java:1168)
	at org.springframework.web.servlet.DispatcherServlet.doDispatch(DispatcherServlet.java:1106)
	at org.springframework.web.servlet.DispatcherServlet.doService(DispatcherServlet.java:979)
	at org.springframework.web.servlet.FrameworkServlet.processRequest(FrameworkServlet.java:1014)
	at org.springframework.web.servlet.FrameworkServlet.doGet(FrameworkServlet.java:903)
	at jakarta.servlet.http.HttpServlet.service(HttpServlet.java:564)
	at org.springframework.web.servlet.FrameworkServlet.service(FrameworkServlet.java:885)
	at jakarta.servlet.http.HttpServlet.service(HttpServlet.java:658)
	at org.apache.catalina.core.ApplicationFilterChain.internalDoFilter(ApplicationFilterChain.java:195)
	at org.apache.catalina.core.ApplicationFilterChain.doFilter(ApplicationFilterChain.java:140)
	at org.apache.tomcat.websocket.server.WsFilter.doFilter(WsFilter.java:51)
	at org.apache.catalina.core.ApplicationFilterChain.internalDoFilter(ApplicationFilterChain.java:164)
	at org.apache.catalina.core.ApplicationFilterChain.doFilter(ApplicationFilterChain.java:140)
	at org.springframework.web.filter.RequestContextFilter.doFilterInternal(RequestContextFilter.java:100)
	at org.springframework.web.filter.OncePerRequestFilter.doFilter(OncePerRequestFilter.java:116)
	at org.apache.catalina.core.ApplicationFilterChain.internalDoFilter(ApplicationFilterChain.java:164)
	at org.apache.catalina.core.ApplicationFilterChain.doFilter(ApplicationFilterChain.java:140)
	at org.springframework.web.filter.FormContentFilter.doFilterInternal(FormContentFilter.java:93)
	at org.springframework.web.filter.OncePerRequestFilter.doFilter(OncePerRequestFilter.java:116)
	at org.apache.catalina.core.ApplicationFilterChain.internalDoFilter(ApplicationFilterChain.java:164)
	at org.apache.catalina.core.ApplicationFilterChain.doFilter(ApplicationFilterChain.java:140)
	at org.springframework.web.filter.ServerHttpObservationFilter.doFilterInternal(ServerHttpObservationFilter.java:110)
	at org.springframework.web.filter.OncePerRequestFilter.doFilter(OncePerRequestFilter.java:116)
	at org.apache.catalina.core.ApplicationFilterChain.internalDoFilter(ApplicationFilterChain.java:164)
	at org.apache.catalina.core.ApplicationFilterChain.doFilter(ApplicationFilterChain.java:140)
	at org.springframework.web.filter.CharacterEncodingFilter.doFilterInternal(CharacterEncodingFilter.java:201)
	at org.springframework.web.filter.OncePerRequestFilter.doFilter(OncePerRequestFilter.java:116)
	at org.apache.catalina.core.ApplicationFilterChain.internalDoFilter(ApplicationFilterChain.java:164)
	at org.apache.catalina.core.ApplicationFilterChain.doFilter(ApplicationFilterChain.java:140)
	at org.apache.catalina.core.StandardWrapperValve.invoke(StandardWrapperValve.java:167)
	at org.apache.catalina.core.StandardContextValve.invoke(StandardContextValve.java:90)
	at org.apache.catalina.authenticator.AuthenticatorBase.invoke(AuthenticatorBase.java:483)
	at org.apache.catalina.core.StandardHostValve.invoke(StandardHostValve.java:116)
	at org.apache.catalina.valves.ErrorReportValve.invoke(ErrorReportValve.java:93)
	at org.apache.catalina.core.StandardEngineValve.invoke(StandardEngineValve.java:74)
	at org.apache.catalina.connector.CoyoteAdapter.service(CoyoteAdapter.java:344)
	at org.apache.coyote.http11.Http11Processor.service(Http11Processor.java:398)
	at org.apache.coyote.AbstractProcessorLight.process(AbstractProcessorLight.java:63)
	at org.apache.coyote.AbstractProtocol$ConnectionHandler.process(AbstractProtocol.java:903)
	at org.apache.tomcat.util.net.NioEndpoint$SocketProcessor.doRun(NioEndpoint.java:1769)
	at org.apache.tomcat.util.net.SocketProcessorBase.run(SocketProcessorBase.java:52)
	at org.apache.tomcat.util.threads.ThreadPoolExecutor.runWorker(ThreadPoolExecutor.java:1189)
	at org.apache.tomcat.util.threads.ThreadPoolExecutor$Worker.run(ThreadPoolExecutor.java:658)
	at org.apache.tomcat.util.threads.TaskThread$WrappingRunnable.run(TaskThread.java:63)
	at java.base/java.lang.Thread.run(Thread.java:1583)
2025-08-19 00:56:57 [http-nio-8080-exec-8] DEBUG o.s.web.servlet.DispatcherServlet - "ERROR" dispatch for GET "/error", parameters={}
2025-08-19 00:56:57 [http-nio-8080-exec-8] DEBUG o.s.w.s.m.m.a.RequestMappingHandlerMapping - Mapped to org.springframework.boot.autoconfigure.web.servlet.error.BasicErrorController#errorHtml(HttpServletRequest, HttpServletResponse)
2025-08-19 00:56:57 [http-nio-8080-exec-8] DEBUG o.s.w.s.v.ContentNegotiatingViewResolver - Selected 'text/html' given [text/html, text/html;q=0.8]
2025-08-19 00:56:57 [http-nio-8080-exec-8] DEBUG o.s.web.servlet.DispatcherServlet - Exiting from "ERROR" dispatch, status 500
2025-08-19 00:57:02 [http-nio-8080-exec-10] DEBUG o.s.web.servlet.DispatcherServlet - GET "/users", parameters={}
2025-08-19 00:57:02 [http-nio-8080-exec-10] DEBUG o.s.w.s.m.m.a.RequestMappingHandlerMapping - Mapped to com.JavaSpring.Bank.controller.WebController#usersList(int, int, String, String, Model)
2025-08-19 00:57:02 [http-nio-8080-exec-10] INFO  c.J.Bank.controller.WebController - REQUEST - GET /users - Loading users list page: 0, size: 10, city: null, keyword: null
2025-08-19 00:57:02 [http-nio-8080-exec-10] INFO  c.J.Bank.controller.WebController - RESPONSE - GET /users - Users list page loaded for page 0
2025-08-19 00:57:02 [http-nio-8080-exec-10] DEBUG o.s.w.s.v.ContentNegotiatingViewResolver - Selected 'text/html' given [text/html, application/xhtml+xml, image/avif, image/webp, image/apng, application/xml;q=0.9, */*;q=0.8, application/signed-exchange;v=b3;q=0.7]
2025-08-19 00:57:02 [http-nio-8080-exec-10] DEBUG o.s.web.servlet.DispatcherServlet - Completed 200 OK
2025-08-19 00:57:10 [http-nio-8080-exec-9] DEBUG o.s.web.servlet.DispatcherServlet - GET "/users", parameters={}
2025-08-19 00:57:10 [http-nio-8080-exec-9] DEBUG o.s.w.s.m.m.a.RequestMappingHandlerMapping - Mapped to com.JavaSpring.Bank.controller.WebController#usersList(int, int, String, String, Model)
2025-08-19 00:57:10 [http-nio-8080-exec-9] INFO  c.J.Bank.controller.WebController - REQUEST - GET /users - Loading users list page: 0, size: 10, city: null, keyword: null
2025-08-19 00:57:10 [http-nio-8080-exec-9] INFO  c.J.Bank.controller.WebController - RESPONSE - GET /users - Users list page loaded for page 0
2025-08-19 00:57:10 [http-nio-8080-exec-9] DEBUG o.s.w.s.v.ContentNegotiatingViewResolver - Selected 'text/html' given [text/html, application/xhtml+xml, image/avif, image/webp, image/apng, application/xml;q=0.9, */*;q=0.8, application/signed-exchange;v=b3;q=0.7]
2025-08-19 00:57:10 [http-nio-8080-exec-9] DEBUG o.s.web.servlet.DispatcherServlet - Completed 200 OK
2025-08-19 00:57:27 [http-nio-8080-exec-6] DEBUG o.s.web.servlet.DispatcherServlet - GET "/api/v1/users?page=0&size=10", parameters={masked}
2025-08-19 00:57:27 [http-nio-8080-exec-6] DEBUG o.s.w.s.m.m.a.RequestMappingHandlerMapping - Mapped to com.JavaSpring.Bank.controller.UserController#getAllUsers(int, int, String, String, String, String)
2025-08-19 00:57:27 [http-nio-8080-exec-6] INFO  c.J.Bank.controller.UserController - REQUEST - GET /v1/users - Page: 0, Size: 10, SortBy: id, SortDir: asc, City: null, Keyword: null
2025-08-19 00:57:27 [http-nio-8080-exec-6] INFO  c.J.Bank.controller.UserController - RESPONSE - GET /v1/users - Status: 200, Total Elements: 30, Current Page: 0, Page Size: 10
2025-08-19 00:57:27 [http-nio-8080-exec-6] DEBUG o.s.w.s.m.m.a.HttpEntityMethodProcessor - Using 'application/json;q=0.8', given [text/html, application/xhtml+xml, image/avif, image/webp, image/apng, application/xml;q=0.9, */*;q=0.8, application/signed-exchange;v=b3;q=0.7] and supported [application/json, application/*+json]
2025-08-19 00:57:27 [http-nio-8080-exec-6] DEBUG o.s.w.s.m.m.a.HttpEntityMethodProcessor - Writing [{totalItems=30, totalPages=3, pageSize=10, hasPrevious=false, hasNext=true, sortBy=id, currentPage=0 (truncated)...]
2025-08-19 00:57:27 [http-nio-8080-exec-6] DEBUG o.s.web.servlet.DispatcherServlet - Completed 200 OK
2025-08-19 00:57:36 [http-nio-8080-exec-7] DEBUG o.s.web.servlet.DispatcherServlet - GET "/api/v1/users/external", parameters={}
2025-08-19 00:57:36 [http-nio-8080-exec-7] DEBUG o.s.w.s.m.m.a.RequestMappingHandlerMapping - Mapped to com.JavaSpring.Bank.controller.UserController#getExternalUsers()
2025-08-19 00:57:36 [http-nio-8080-exec-7] INFO  c.J.Bank.controller.UserController - REQUEST - GET /v1/users/external - Fetching users from external API
2025-08-19 00:57:36 [http-nio-8080-exec-7] INFO  c.J.Bank.controller.UserController - RESPONSE - GET /v1/users/external - Status: 200, Fetched 5 users from external API
2025-08-19 00:57:36 [http-nio-8080-exec-7] DEBUG o.s.w.s.m.m.a.HttpEntityMethodProcessor - Using 'application/json;q=0.8', given [text/html, application/xhtml+xml, image/avif, image/webp, image/apng, application/xml;q=0.9, */*;q=0.8, application/signed-exchange;v=b3;q=0.7] and supported [application/json, application/*+json]
2025-08-19 00:57:36 [http-nio-8080-exec-7] DEBUG o.s.w.s.m.m.a.HttpEntityMethodProcessor - Writing [[{website=hildegard.org, address={zipcode=92821-3874, suite=Apt. 901, city=Gwenborough, street=Kulas (truncated)...]
2025-08-19 00:57:36 [http-nio-8080-exec-7] DEBUG o.s.web.servlet.DispatcherServlet - Completed 200 OK
2025-08-19 00:57:39 [http-nio-8080-exec-8] DEBUG o.s.web.servlet.DispatcherServlet - GET "/api/v1/users/1", parameters={}
2025-08-19 00:57:39 [http-nio-8080-exec-8] DEBUG o.s.w.s.m.m.a.RequestMappingHandlerMapping - Mapped to com.JavaSpring.Bank.controller.UserController#getUserById(Long)
2025-08-19 00:57:39 [http-nio-8080-exec-8] INFO  c.J.Bank.controller.UserController - REQUEST - GET /v1/users/1 - User ID: 1
2025-08-19 00:57:39 [http-nio-8080-exec-8] INFO  c.J.Bank.controller.UserController - RESPONSE - GET /v1/users/1 - Status: 200, User found: sample.user1@example.com
2025-08-19 00:57:39 [http-nio-8080-exec-8] DEBUG o.s.w.s.m.m.a.HttpEntityMethodProcessor - Using 'application/json;q=0.8', given [text/html, application/xhtml+xml, image/avif, image/webp, image/apng, application/xml;q=0.9, */*;q=0.8, application/signed-exchange;v=b3;q=0.7] and supported [application/json, application/*+json]
2025-08-19 00:57:39 [http-nio-8080-exec-8] DEBUG o.s.w.s.m.m.a.HttpEntityMethodProcessor - Writing [{firstName=Sample, lastName=User 1, createdAt=2025-08-18T00:57:39.674188400, phone=+1-555-0001, city (truncated)...]
2025-08-19 00:57:39 [http-nio-8080-exec-8] DEBUG o.s.web.servlet.DispatcherServlet - Completed 200 OK
2025-08-19 00:58:30 [http-nio-8080-exec-5] DEBUG o.s.web.servlet.DispatcherServlet - GET "/actuator/health", parameters={}
2025-08-19 00:58:30 [http-nio-8080-exec-5] DEBUG o.s.w.s.m.m.a.RequestResponseBodyMethodProcessor - Read "application/octet-stream" to []
2025-08-19 00:58:30 [http-nio-8080-exec-5] DEBUG o.s.w.s.m.m.a.HttpEntityMethodProcessor - Using 'application/vnd.spring-boot.actuator.v3+json;q=0.8', given [text/html, application/xhtml+xml, image/avif, image/webp, image/apng, application/xml;q=0.9, */*;q=0.8, application/signed-exchange;v=b3;q=0.7] and supported [application/vnd.spring-boot.actuator.v3+json, application/vnd.spring-boot.actuator.v2+json, application/json]
2025-08-19 00:58:30 [http-nio-8080-exec-5] DEBUG o.s.w.s.m.m.a.HttpEntityMethodProcessor - Writing [org.springframework.boot.actuate.health.SystemHealth@5622077e]
2025-08-19 00:58:30 [http-nio-8080-exec-5] DEBUG o.s.web.servlet.DispatcherServlet - Completed 200 OK
2025-08-19 00:58:36 [http-nio-8080-exec-6] DEBUG o.s.web.servlet.DispatcherServlet - GET "/api/v1/users", parameters={}
2025-08-19 00:58:36 [http-nio-8080-exec-6] DEBUG o.s.w.s.m.m.a.RequestMappingHandlerMapping - Mapped to com.JavaSpring.Bank.controller.UserController#getAllUsers(int, int, String, String, String, String)
2025-08-19 00:58:36 [http-nio-8080-exec-6] INFO  c.J.Bank.controller.UserController - REQUEST - GET /v1/users - Page: 0, Size: 10, SortBy: id, SortDir: asc, City: null, Keyword: null
2025-08-19 00:58:36 [http-nio-8080-exec-6] INFO  c.J.Bank.controller.UserController - RESPONSE - GET /v1/users - Status: 200, Total Elements: 30, Current Page: 0, Page Size: 10
2025-08-19 00:58:36 [http-nio-8080-exec-6] DEBUG o.s.w.s.m.m.a.HttpEntityMethodProcessor - Using 'application/json;q=0.8', given [text/html, application/xhtml+xml, image/avif, image/webp, image/apng, application/xml;q=0.9, */*;q=0.8, application/signed-exchange;v=b3;q=0.7] and supported [application/json, application/*+json]
2025-08-19 00:58:36 [http-nio-8080-exec-6] DEBUG o.s.w.s.m.m.a.HttpEntityMethodProcessor - Writing [{totalItems=30, totalPages=3, pageSize=10, hasPrevious=false, hasNext=true, sortBy=id, currentPage=0 (truncated)...]
2025-08-19 00:58:36 [http-nio-8080-exec-6] DEBUG o.s.web.servlet.DispatcherServlet - Completed 200 OK
2025-08-19 00:58:50 [http-nio-8080-exec-7] DEBUG o.s.web.servlet.DispatcherServlet - GET "/users", parameters={}
2025-08-19 00:58:50 [http-nio-8080-exec-7] DEBUG o.s.w.s.m.m.a.RequestMappingHandlerMapping - Mapped to com.JavaSpring.Bank.controller.WebController#usersList(int, int, String, String, Model)
2025-08-19 00:58:50 [http-nio-8080-exec-7] INFO  c.J.Bank.controller.WebController - REQUEST - GET /users - Loading users list page: 0, size: 10, city: null, keyword: null
2025-08-19 00:58:50 [http-nio-8080-exec-7] INFO  c.J.Bank.controller.WebController - RESPONSE - GET /users - Users list page loaded for page 0
2025-08-19 00:58:50 [http-nio-8080-exec-7] DEBUG o.s.w.s.v.ContentNegotiatingViewResolver - Selected 'text/html' given [text/html, application/xhtml+xml, image/avif, image/webp, image/apng, application/xml;q=0.9, */*;q=0.8, application/signed-exchange;v=b3;q=0.7]
2025-08-19 00:58:50 [http-nio-8080-exec-7] DEBUG o.s.web.servlet.DispatcherServlet - Completed 200 OK
2025-08-19 01:01:25 [SpringApplicationShutdownHook] INFO  o.s.b.w.e.tomcat.GracefulShutdown - Commencing graceful shutdown. Waiting for active requests to complete
2025-08-19 01:01:25 [tomcat-shutdown] INFO  o.s.b.w.e.tomcat.GracefulShutdown - Graceful shutdown complete
2025-08-19 01:01:25 [SpringApplicationShutdownHook] INFO  o.s.o.j.LocalContainerEntityManagerFactoryBean - Closing JPA EntityManagerFactory for persistence unit 'default'
2025-08-19 01:01:26 [SpringApplicationShutdownHook] WARN  o.s.b.f.s.DisposableBeanAdapter - Invocation of destroy method failed on bean with name 'inMemoryDatabaseShutdownExecutor': org.h2.jdbc.JdbcSQLNonTransientConnectionException: Database is already closed (to disable automatic closing at VM shutdown, add ";DB_CLOSE_ON_EXIT=FALSE" to the db URL) [90121-232]
2025-08-19 01:01:26 [SpringApplicationShutdownHook] INFO  com.zaxxer.hikari.HikariDataSource - HikariPool-1 - Shutdown initiated...
2025-08-19 01:01:26 [SpringApplicationShutdownHook] INFO  com.zaxxer.hikari.HikariDataSource - HikariPool-1 - Shutdown completed.
2025-08-19 01:01:50 [restartedMain] INFO  com.JavaSpring.Bank.BankApplication - Starting BankApplication using Java 21.0.6 with PID 5376 (C:\Maybank Assessment\Bank\target\classes started by user in C:\Maybank Assessment\Bank)
2025-08-19 01:01:50 [restartedMain] DEBUG com.JavaSpring.Bank.BankApplication - Running with Spring Boot v3.5.4, Spring v6.2.9
2025-08-19 01:01:50 [restartedMain] INFO  com.JavaSpring.Bank.BankApplication - The following 1 profile is active: "dev"
2025-08-19 01:01:50 [restartedMain] INFO  o.s.b.d.e.DevToolsPropertyDefaultsPostProcessor - Devtools property defaults active! Set 'spring.devtools.add-properties' to 'false' to disable
2025-08-19 01:01:50 [restartedMain] INFO  o.s.b.d.e.DevToolsPropertyDefaultsPostProcessor - For additional web related logging consider setting the 'logging.level.web' property to 'DEBUG'
2025-08-19 01:01:53 [restartedMain] INFO  o.s.d.r.c.RepositoryConfigurationDelegate - Bootstrapping Spring Data JPA repositories in DEFAULT mode.
2025-08-19 01:01:54 [restartedMain] INFO  o.s.d.r.c.RepositoryConfigurationDelegate - Finished Spring Data repository scanning in 409 ms. Found 1 JPA repository interface.
2025-08-19 01:01:55 [restartedMain] INFO  o.s.b.w.e.tomcat.TomcatWebServer - Tomcat initialized with port 8080 (http)
2025-08-19 01:01:55 [restartedMain] INFO  o.a.catalina.core.StandardService - Starting service [Tomcat]
2025-08-19 01:01:55 [restartedMain] INFO  o.a.catalina.core.StandardEngine - Starting Servlet engine: [Apache Tomcat/10.1.43]
2025-08-19 01:01:56 [restartedMain] INFO  o.a.c.c.C.[Tomcat].[localhost].[/] - Initializing Spring embedded WebApplicationContext
2025-08-19 01:01:56 [restartedMain] INFO  o.s.b.w.s.c.ServletWebServerApplicationContext - Root WebApplicationContext: initialization completed in 5313 ms
2025-08-19 01:01:56 [restartedMain] DEBUG o.s.w.f.ServerHttpObservationFilter - Filter 'webMvcObservationFilter' configured for use
2025-08-19 01:01:56 [restartedMain] INFO  o.h.jpa.internal.util.LogHelper - HHH000204: Processing PersistenceUnitInfo [name: default]
2025-08-19 01:01:56 [restartedMain] INFO  org.hibernate.Version - HHH000412: Hibernate ORM core version 6.6.22.Final
2025-08-19 01:01:56 [restartedMain] INFO  o.h.c.i.RegionFactoryInitiator - HHH000026: Second-level cache disabled
2025-08-19 01:01:57 [restartedMain] INFO  o.s.o.j.p.SpringPersistenceUnitInfo - No LoadTimeWeaver setup: ignoring JPA class transformer
2025-08-19 01:01:57 [restartedMain] INFO  com.zaxxer.hikari.HikariDataSource - HikariPool-1 - Starting...
2025-08-19 01:01:57 [restartedMain] INFO  com.zaxxer.hikari.pool.HikariPool - HikariPool-1 - Added connection conn0: url=jdbc:h2:mem:ea321cf3-7d65-4422-8403-18e4042a3952 user=SA
2025-08-19 01:01:57 [restartedMain] INFO  com.zaxxer.hikari.HikariDataSource - HikariPool-1 - Start completed.
2025-08-19 01:01:57 [restartedMain] WARN  org.hibernate.orm.deprecation - HHH90000025: H2Dialect does not need to be specified explicitly using 'hibernate.dialect' (remove the property setting and it will be selected by default)
2025-08-19 01:01:57 [restartedMain] INFO  o.hibernate.orm.connections.pooling - HHH10001005: Database info:
	Database JDBC URL [Connecting through datasource 'HikariDataSource (HikariPool-1)']
	Database driver: undefined/unknown
	Database version: 2.3.232
	Autocommit mode: undefined/unknown
	Isolation level: undefined/unknown
	Minimum pool size: undefined/unknown
	Maximum pool size: undefined/unknown
2025-08-19 01:01:59 [restartedMain] INFO  o.h.e.t.j.p.i.JtaPlatformInitiator - HHH000489: No JTA platform available (set 'hibernate.transaction.jta.platform' to enable JTA platform integration)
2025-08-19 01:01:59 [restartedMain] INFO  o.s.o.j.LocalContainerEntityManagerFactoryBean - Initialized JPA EntityManagerFactory for persistence unit 'default'
2025-08-19 01:02:01 [restartedMain] INFO  o.s.d.j.r.query.QueryEnhancerFactory - Hibernate is in classpath; If applicable, HQL parser will be used.
2025-08-19 01:02:03 [restartedMain] WARN  o.s.b.a.o.j.JpaBaseConfiguration$JpaWebConfiguration - spring.jpa.open-in-view is enabled by default. Therefore, database queries may be performed during view rendering. Explicitly configure spring.jpa.open-in-view to disable this warning
2025-08-19 01:02:03 [restartedMain] DEBUG o.s.w.s.m.m.a.RequestMappingHandlerMapping - 18 mappings in 'requestMappingHandlerMapping'
2025-08-19 01:02:03 [restartedMain] DEBUG o.s.w.s.h.SimpleUrlHandlerMapping - Patterns [/webjars/**, /**] in 'resourceHandlerMapping'
2025-08-19 01:02:03 [restartedMain] DEBUG o.s.w.s.m.m.a.RequestMappingHandlerAdapter - ControllerAdvice beans: 0 @ModelAttribute, 0 @InitBinder, 1 RequestBodyAdvice, 1 ResponseBodyAdvice
2025-08-19 01:02:04 [restartedMain] DEBUG o.s.w.s.m.m.a.ExceptionHandlerExceptionResolver - ControllerAdvice beans: 1 @ExceptionHandler, 1 ResponseBodyAdvice
2025-08-19 01:02:04 [restartedMain] INFO  o.s.b.a.h.H2ConsoleAutoConfiguration - H2 console available at '/h2-console'. Database available at 'jdbc:h2:mem:ea321cf3-7d65-4422-8403-18e4042a3952'
2025-08-19 01:02:04 [restartedMain] INFO  o.s.b.d.a.OptionalLiveReloadServer - LiveReload server is running on port 35729
2025-08-19 01:02:04 [restartedMain] INFO  o.s.b.a.e.web.EndpointLinksResolver - Exposing 3 endpoints beneath base path '/actuator'
2025-08-19 01:02:04 [restartedMain] INFO  o.s.b.w.e.tomcat.TomcatWebServer - Tomcat started on port 8080 (http) with context path '/'
2025-08-19 01:02:04 [restartedMain] INFO  com.JavaSpring.Bank.BankApplication - Started BankApplication in 16.145 seconds (process running for 17.651)
2025-08-19 01:02:36 [http-nio-8080-exec-1] INFO  o.a.c.c.C.[Tomcat].[localhost].[/] - Initializing Spring DispatcherServlet 'dispatcherServlet'
2025-08-19 01:02:36 [http-nio-8080-exec-1] INFO  o.s.web.servlet.DispatcherServlet - Initializing Servlet 'dispatcherServlet'
2025-08-19 01:02:36 [http-nio-8080-exec-1] DEBUG o.s.web.servlet.DispatcherServlet - Detected StandardServletMultipartResolver
2025-08-19 01:02:36 [http-nio-8080-exec-1] DEBUG o.s.web.servlet.DispatcherServlet - Detected AcceptHeaderLocaleResolver
2025-08-19 01:02:36 [http-nio-8080-exec-1] DEBUG o.s.web.servlet.DispatcherServlet - Detected FixedThemeResolver
2025-08-19 01:02:36 [http-nio-8080-exec-1] DEBUG o.s.web.servlet.DispatcherServlet - Detected org.springframework.web.servlet.view.DefaultRequestToViewNameTranslator@60960997
2025-08-19 01:02:36 [http-nio-8080-exec-1] DEBUG o.s.web.servlet.DispatcherServlet - Detected org.springframework.web.servlet.support.SessionFlashMapManager@314d3b0c
2025-08-19 01:02:36 [http-nio-8080-exec-1] DEBUG o.s.web.servlet.DispatcherServlet - enableLoggingRequestDetails='false': request parameters and headers will be masked to prevent unsafe logging of potentially sensitive data
2025-08-19 01:02:36 [http-nio-8080-exec-1] INFO  o.s.web.servlet.DispatcherServlet - Completed initialization in 17 ms
2025-08-19 01:02:37 [http-nio-8080-exec-1] DEBUG o.s.web.servlet.DispatcherServlet - GET "/", parameters={}
2025-08-19 01:02:37 [http-nio-8080-exec-1] DEBUG o.s.w.s.m.m.a.RequestMappingHandlerMapping - Mapped to com.JavaSpring.Bank.controller.WebController#dashboard(Model)
2025-08-19 01:02:37 [http-nio-8080-exec-1] INFO  c.J.Bank.controller.WebController - REQUEST - GET / - Loading dashboard
2025-08-19 01:02:37 [http-nio-8080-exec-1] INFO  c.J.Bank.controller.WebController - RESPONSE - GET / - Dashboard loaded successfully
2025-08-19 01:02:37 [http-nio-8080-exec-1] DEBUG o.s.w.s.v.ContentNegotiatingViewResolver - Selected 'text/html' given [text/html, application/xhtml+xml, image/avif, image/webp, image/apng, application/xml;q=0.9, */*;q=0.8, application/signed-exchange;v=b3;q=0.7]
2025-08-19 01:02:37 [http-nio-8080-exec-1] DEBUG o.s.web.servlet.DispatcherServlet - Completed 200 OK
2025-08-19 01:05:06 [SpringApplicationShutdownHook] INFO  o.s.b.w.e.tomcat.GracefulShutdown - Commencing graceful shutdown. Waiting for active requests to complete
2025-08-19 01:05:06 [tomcat-shutdown] INFO  o.s.b.w.e.tomcat.GracefulShutdown - Graceful shutdown complete
2025-08-19 01:05:06 [SpringApplicationShutdownHook] INFO  o.s.o.j.LocalContainerEntityManagerFactoryBean - Closing JPA EntityManagerFactory for persistence unit 'default'
2025-08-19 01:05:06 [SpringApplicationShutdownHook] WARN  o.s.b.f.s.DisposableBeanAdapter - Invocation of destroy method failed on bean with name 'inMemoryDatabaseShutdownExecutor': org.h2.jdbc.JdbcSQLNonTransientConnectionException: Database is already closed (to disable automatic closing at VM shutdown, add ";DB_CLOSE_ON_EXIT=FALSE" to the db URL) [90121-232]
2025-08-19 01:05:06 [SpringApplicationShutdownHook] INFO  com.zaxxer.hikari.HikariDataSource - HikariPool-1 - Shutdown initiated...
2025-08-19 01:05:06 [SpringApplicationShutdownHook] INFO  com.zaxxer.hikari.HikariDataSource - HikariPool-1 - Shutdown completed.
2025-08-19 01:05:23 [restartedMain] INFO  com.JavaSpring.Bank.BankApplication - Starting BankApplication using Java 21.0.6 with PID 21856 (C:\Maybank Assessment\Bank\target\classes started by user in C:\Maybank Assessment\Bank)
2025-08-19 01:05:23 [restartedMain] DEBUG com.JavaSpring.Bank.BankApplication - Running with Spring Boot v3.5.4, Spring v6.2.9
2025-08-19 01:05:23 [restartedMain] INFO  com.JavaSpring.Bank.BankApplication - The following 1 profile is active: "dev"
2025-08-19 01:05:23 [restartedMain] INFO  o.s.b.d.e.DevToolsPropertyDefaultsPostProcessor - Devtools property defaults active! Set 'spring.devtools.add-properties' to 'false' to disable
2025-08-19 01:05:23 [restartedMain] INFO  o.s.b.d.e.DevToolsPropertyDefaultsPostProcessor - For additional web related logging consider setting the 'logging.level.web' property to 'DEBUG'
2025-08-19 01:05:25 [restartedMain] INFO  o.s.d.r.c.RepositoryConfigurationDelegate - Bootstrapping Spring Data JPA repositories in DEFAULT mode.
2025-08-19 01:05:25 [restartedMain] INFO  o.s.d.r.c.RepositoryConfigurationDelegate - Finished Spring Data repository scanning in 256 ms. Found 1 JPA repository interface.
2025-08-19 01:05:26 [restartedMain] INFO  o.s.b.w.e.tomcat.TomcatWebServer - Tomcat initialized with port 8080 (http)
2025-08-19 01:05:26 [restartedMain] INFO  o.a.catalina.core.StandardService - Starting service [Tomcat]
2025-08-19 01:05:26 [restartedMain] INFO  o.a.catalina.core.StandardEngine - Starting Servlet engine: [Apache Tomcat/10.1.43]
2025-08-19 01:05:27 [restartedMain] INFO  o.a.c.c.C.[Tomcat].[localhost].[/] - Initializing Spring embedded WebApplicationContext
2025-08-19 01:05:27 [restartedMain] INFO  o.s.b.w.s.c.ServletWebServerApplicationContext - Root WebApplicationContext: initialization completed in 3610 ms
2025-08-19 01:05:27 [restartedMain] DEBUG o.s.w.f.ServerHttpObservationFilter - Filter 'webMvcObservationFilter' configured for use
2025-08-19 01:05:27 [restartedMain] INFO  o.h.jpa.internal.util.LogHelper - HHH000204: Processing PersistenceUnitInfo [name: default]
2025-08-19 01:05:27 [restartedMain] INFO  org.hibernate.Version - HHH000412: Hibernate ORM core version 6.6.22.Final
2025-08-19 01:05:27 [restartedMain] INFO  o.h.c.i.RegionFactoryInitiator - HHH000026: Second-level cache disabled
2025-08-19 01:05:28 [restartedMain] INFO  o.s.o.j.p.SpringPersistenceUnitInfo - No LoadTimeWeaver setup: ignoring JPA class transformer
2025-08-19 01:05:28 [restartedMain] INFO  com.zaxxer.hikari.HikariDataSource - HikariPool-1 - Starting...
2025-08-19 01:05:28 [restartedMain] INFO  com.zaxxer.hikari.pool.HikariPool - HikariPool-1 - Added connection conn0: url=jdbc:h2:mem:d3a894b7-1a9c-4ef1-89d5-f9d8e48e43c8 user=SA
2025-08-19 01:05:28 [restartedMain] INFO  com.zaxxer.hikari.HikariDataSource - HikariPool-1 - Start completed.
2025-08-19 01:05:28 [restartedMain] WARN  org.hibernate.orm.deprecation - HHH90000025: H2Dialect does not need to be specified explicitly using 'hibernate.dialect' (remove the property setting and it will be selected by default)
2025-08-19 01:05:28 [restartedMain] INFO  o.hibernate.orm.connections.pooling - HHH10001005: Database info:
	Database JDBC URL [Connecting through datasource 'HikariDataSource (HikariPool-1)']
	Database driver: undefined/unknown
	Database version: 2.3.232
	Autocommit mode: undefined/unknown
	Isolation level: undefined/unknown
	Minimum pool size: undefined/unknown
	Maximum pool size: undefined/unknown
2025-08-19 01:05:30 [restartedMain] INFO  o.h.e.t.j.p.i.JtaPlatformInitiator - HHH000489: No JTA platform available (set 'hibernate.transaction.jta.platform' to enable JTA platform integration)
2025-08-19 01:05:30 [restartedMain] INFO  o.s.o.j.LocalContainerEntityManagerFactoryBean - Initialized JPA EntityManagerFactory for persistence unit 'default'
2025-08-19 01:05:31 [restartedMain] INFO  o.s.d.j.r.query.QueryEnhancerFactory - Hibernate is in classpath; If applicable, HQL parser will be used.
2025-08-19 01:05:33 [restartedMain] WARN  o.s.b.a.o.j.JpaBaseConfiguration$JpaWebConfiguration - spring.jpa.open-in-view is enabled by default. Therefore, database queries may be performed during view rendering. Explicitly configure spring.jpa.open-in-view to disable this warning
2025-08-19 01:05:33 [restartedMain] DEBUG o.s.w.s.m.m.a.RequestMappingHandlerMapping - 18 mappings in 'requestMappingHandlerMapping'
2025-08-19 01:05:33 [restartedMain] DEBUG o.s.w.s.h.SimpleUrlHandlerMapping - Patterns [/webjars/**, /**] in 'resourceHandlerMapping'
2025-08-19 01:05:33 [restartedMain] DEBUG o.s.w.s.m.m.a.RequestMappingHandlerAdapter - ControllerAdvice beans: 0 @ModelAttribute, 0 @InitBinder, 1 RequestBodyAdvice, 1 ResponseBodyAdvice
2025-08-19 01:05:33 [restartedMain] DEBUG o.s.w.s.m.m.a.ExceptionHandlerExceptionResolver - ControllerAdvice beans: 1 @ExceptionHandler, 1 ResponseBodyAdvice
2025-08-19 01:05:34 [restartedMain] INFO  o.s.b.a.h.H2ConsoleAutoConfiguration - H2 console available at '/h2-console'. Database available at 'jdbc:h2:mem:d3a894b7-1a9c-4ef1-89d5-f9d8e48e43c8'
2025-08-19 01:05:34 [restartedMain] INFO  o.s.b.d.a.OptionalLiveReloadServer - LiveReload server is running on port 35729
2025-08-19 01:05:34 [restartedMain] INFO  o.s.b.a.e.web.EndpointLinksResolver - Exposing 3 endpoints beneath base path '/actuator'
2025-08-19 01:05:34 [restartedMain] INFO  o.s.b.w.e.tomcat.TomcatWebServer - Tomcat started on port 8080 (http) with context path '/'
2025-08-19 01:05:34 [restartedMain] INFO  com.JavaSpring.Bank.BankApplication - Started BankApplication in 12.165 seconds (process running for 12.978)
2025-08-19 01:05:56 [http-nio-8080-exec-1] INFO  o.a.c.c.C.[Tomcat].[localhost].[/] - Initializing Spring DispatcherServlet 'dispatcherServlet'
2025-08-19 01:05:56 [http-nio-8080-exec-1] INFO  o.s.web.servlet.DispatcherServlet - Initializing Servlet 'dispatcherServlet'
2025-08-19 01:05:56 [http-nio-8080-exec-1] DEBUG o.s.web.servlet.DispatcherServlet - Detected StandardServletMultipartResolver
2025-08-19 01:05:56 [http-nio-8080-exec-1] DEBUG o.s.web.servlet.DispatcherServlet - Detected AcceptHeaderLocaleResolver
2025-08-19 01:05:56 [http-nio-8080-exec-1] DEBUG o.s.web.servlet.DispatcherServlet - Detected FixedThemeResolver
2025-08-19 01:05:56 [http-nio-8080-exec-1] DEBUG o.s.web.servlet.DispatcherServlet - Detected org.springframework.web.servlet.view.DefaultRequestToViewNameTranslator@1e91bb51
2025-08-19 01:05:56 [http-nio-8080-exec-1] DEBUG o.s.web.servlet.DispatcherServlet - Detected org.springframework.web.servlet.support.SessionFlashMapManager@7e6acfb0
2025-08-19 01:05:56 [http-nio-8080-exec-1] DEBUG o.s.web.servlet.DispatcherServlet - enableLoggingRequestDetails='false': request parameters and headers will be masked to prevent unsafe logging of potentially sensitive data
2025-08-19 01:05:56 [http-nio-8080-exec-1] INFO  o.s.web.servlet.DispatcherServlet - Completed initialization in 5 ms
2025-08-19 01:05:56 [http-nio-8080-exec-1] DEBUG o.s.web.servlet.DispatcherServlet - GET "/", parameters={}
2025-08-19 01:05:56 [http-nio-8080-exec-1] DEBUG o.s.w.s.m.m.a.RequestMappingHandlerMapping - Mapped to com.JavaSpring.Bank.controller.WebController#dashboard(Model)
2025-08-19 01:05:56 [http-nio-8080-exec-1] INFO  c.J.Bank.controller.WebController - REQUEST - GET / - Loading dashboard
2025-08-19 01:05:56 [http-nio-8080-exec-1] INFO  c.J.Bank.controller.WebController - RESPONSE - GET / - Dashboard loaded successfully
2025-08-19 01:05:56 [http-nio-8080-exec-1] DEBUG o.s.w.s.v.ContentNegotiatingViewResolver - Selected 'text/html' given [text/html, application/xhtml+xml, image/avif, image/webp, image/apng, application/xml;q=0.9, */*;q=0.8, application/signed-exchange;v=b3;q=0.7]
2025-08-19 01:05:56 [http-nio-8080-exec-1] DEBUG o.s.web.servlet.DispatcherServlet - Completed 200 OK
2025-08-19 01:07:14 [http-nio-8080-exec-4] DEBUG o.s.web.servlet.DispatcherServlet - GET "/", parameters={}
2025-08-19 01:07:14 [http-nio-8080-exec-4] DEBUG o.s.w.s.m.m.a.RequestMappingHandlerMapping - Mapped to com.JavaSpring.Bank.controller.WebController#dashboard(Model)
2025-08-19 01:07:14 [http-nio-8080-exec-4] INFO  c.J.Bank.controller.WebController - REQUEST - GET / - Loading dashboard
2025-08-19 01:07:14 [http-nio-8080-exec-4] INFO  c.J.Bank.controller.WebController - RESPONSE - GET / - Dashboard loaded successfully
2025-08-19 01:07:14 [http-nio-8080-exec-4] DEBUG o.s.w.s.v.ContentNegotiatingViewResolver - Selected 'text/html' given [text/html, application/xhtml+xml, image/avif, image/webp, image/apng, application/xml;q=0.9, */*;q=0.8, application/signed-exchange;v=b3;q=0.7]
2025-08-19 01:07:14 [http-nio-8080-exec-4] DEBUG o.s.web.servlet.DispatcherServlet - Completed 200 OK
2025-08-19 01:07:28 [http-nio-8080-exec-7] DEBUG o.s.web.servlet.DispatcherServlet - GET "/", parameters={}
2025-08-19 01:07:28 [http-nio-8080-exec-7] DEBUG o.s.w.s.m.m.a.RequestMappingHandlerMapping - Mapped to com.JavaSpring.Bank.controller.WebController#dashboard(Model)
2025-08-19 01:07:28 [http-nio-8080-exec-7] INFO  c.J.Bank.controller.WebController - REQUEST - GET / - Loading dashboard
2025-08-19 01:07:28 [http-nio-8080-exec-7] INFO  c.J.Bank.controller.WebController - RESPONSE - GET / - Dashboard loaded successfully
2025-08-19 01:07:28 [http-nio-8080-exec-7] DEBUG o.s.w.s.v.ContentNegotiatingViewResolver - Selected 'text/html' given [text/html, application/xhtml+xml, image/avif, image/webp, image/apng, application/xml;q=0.9, */*;q=0.8, application/signed-exchange;v=b3;q=0.7]
2025-08-19 01:07:28 [http-nio-8080-exec-7] DEBUG o.s.web.servlet.DispatcherServlet - Completed 200 OK
2025-08-19 01:09:49 [http-nio-8080-exec-10] DEBUG o.s.web.servlet.DispatcherServlet - GET "/", parameters={}
2025-08-19 01:09:49 [http-nio-8080-exec-10] DEBUG o.s.w.s.m.m.a.RequestMappingHandlerMapping - Mapped to com.JavaSpring.Bank.controller.WebController#dashboard(Model)
2025-08-19 01:09:49 [http-nio-8080-exec-10] INFO  c.J.Bank.controller.WebController - REQUEST - GET / - Loading dashboard
2025-08-19 01:09:49 [http-nio-8080-exec-10] INFO  c.J.Bank.controller.WebController - RESPONSE - GET / - Dashboard loaded successfully
2025-08-19 01:09:50 [http-nio-8080-exec-10] DEBUG o.s.w.s.v.ContentNegotiatingViewResolver - Selected 'text/html' given [text/html, application/xhtml+xml, image/avif, image/webp, image/apng, application/xml;q=0.9, */*;q=0.8, application/signed-exchange;v=b3;q=0.7]
2025-08-19 01:09:50 [http-nio-8080-exec-10] DEBUG o.s.web.servlet.DispatcherServlet - Completed 200 OK
2025-08-19 01:10:55 [http-nio-8080-exec-3] DEBUG o.s.web.servlet.DispatcherServlet - GET "/", parameters={}
2025-08-19 01:10:55 [http-nio-8080-exec-3] DEBUG o.s.w.s.m.m.a.RequestMappingHandlerMapping - Mapped to com.JavaSpring.Bank.controller.WebController#dashboard(Model)
2025-08-19 01:10:55 [http-nio-8080-exec-3] INFO  c.J.Bank.controller.WebController - REQUEST - GET / - Loading dashboard
2025-08-19 01:10:55 [http-nio-8080-exec-3] INFO  c.J.Bank.controller.WebController - RESPONSE - GET / - Dashboard loaded successfully
2025-08-19 01:10:55 [http-nio-8080-exec-3] DEBUG o.s.w.s.v.ContentNegotiatingViewResolver - Selected 'text/html' given [text/html, application/xhtml+xml, image/avif, image/webp, image/apng, application/xml;q=0.9, */*;q=0.8, application/signed-exchange;v=b3;q=0.7]
2025-08-19 01:10:55 [http-nio-8080-exec-3] DEBUG o.s.web.servlet.DispatcherServlet - Completed 200 OK
2025-08-19 01:10:57 [http-nio-8080-exec-6] DEBUG o.s.web.servlet.DispatcherServlet - GET "/", parameters={}
2025-08-19 01:10:57 [http-nio-8080-exec-6] DEBUG o.s.w.s.m.m.a.RequestMappingHandlerMapping - Mapped to com.JavaSpring.Bank.controller.WebController#dashboard(Model)
2025-08-19 01:10:57 [http-nio-8080-exec-6] INFO  c.J.Bank.controller.WebController - REQUEST - GET / - Loading dashboard
2025-08-19 01:10:57 [http-nio-8080-exec-6] INFO  c.J.Bank.controller.WebController - RESPONSE - GET / - Dashboard loaded successfully
2025-08-19 01:10:57 [http-nio-8080-exec-6] DEBUG o.s.w.s.v.ContentNegotiatingViewResolver - Selected 'text/html' given [text/html, application/xhtml+xml, image/avif, image/webp, image/apng, application/xml;q=0.9, */*;q=0.8, application/signed-exchange;v=b3;q=0.7]
2025-08-19 01:10:57 [http-nio-8080-exec-6] DEBUG o.s.web.servlet.DispatcherServlet - Completed 200 OK
2025-08-19 01:11:41 [http-nio-8080-exec-9] DEBUG o.s.web.servlet.DispatcherServlet - GET "/", parameters={}
2025-08-19 01:11:41 [http-nio-8080-exec-9] DEBUG o.s.w.s.m.m.a.RequestMappingHandlerMapping - Mapped to com.JavaSpring.Bank.controller.WebController#dashboard(Model)
2025-08-19 01:11:41 [http-nio-8080-exec-9] INFO  c.J.Bank.controller.WebController - REQUEST - GET / - Loading dashboard
2025-08-19 01:11:41 [http-nio-8080-exec-9] INFO  c.J.Bank.controller.WebController - RESPONSE - GET / - Dashboard loaded successfully
2025-08-19 01:11:41 [http-nio-8080-exec-9] DEBUG o.s.w.s.v.ContentNegotiatingViewResolver - Selected 'text/html' given [text/html, application/xhtml+xml, image/avif, image/webp, image/apng, application/xml;q=0.9, */*;q=0.8, application/signed-exchange;v=b3;q=0.7]
2025-08-19 01:11:41 [http-nio-8080-exec-9] DEBUG o.s.web.servlet.DispatcherServlet - Completed 200 OK
